<?xml version="1.0" encoding="UTF-8"?>
<testsuite xmlns:xsi="http://www.w3.org/2001/XMLSchema-instance" xsi:noNamespaceSchemaLocation="https://maven.apache.org/surefire/maven-surefire-plugin/xsd/surefire-test-report.xsd" name="com.baeldung.TestPasswordService" time="0.061" tests="2" errors="0" skipped="0" failures="0">
  <properties>
[...]
</properties>
  <testcase name="testSha256hex{String, String}[1]" classname="com.baeldung.TestPasswordService" time="0.026"/>
  <testcase name="testSha256hex{String, String}[2]" classname="com.baeldung.TestPasswordService" time="0"/>
</testsuite>